<?xml version="1.0" encoding="UTF-8"?>
<testsuite xmlns:xsi="http://www.w3.org/2001/XMLSchema-instance" xsi:noNamespaceSchemaLocation="https://maven.apache.org/surefire/maven-surefire-plugin/xsd/surefire-test-report.xsd" version="3.0.2" name="com.thepicklejar.picklejar.PicklejarApplicationTests" time="2.533" tests="1" errors="0" skipped="0" failures="0">
  <properties>
[...]
</properties>
  <testcase name="contextLoads" classname="com.thepicklejar.picklejar.PicklejarApplicationTests" time="0.327">
    <system-out><![CDATA[01:43:15.762 [main] INFO org.springframework.test.context.support.AnnotationConfigContextLoaderUtils -- Could not detect default configuration classes for test class [com.thepicklejar.picklejar.PicklejarApplicationTests]: PicklejarApplicationTests does not declare any static, non-private, non-final, nested classes annotated with @Configuration.
01:43:15.824 [main] INFO org.springframework.boot.test.context.SpringBootTestContextBootstrapper -- Found @SpringBootConfiguration com.thepicklejar.picklejar.PicklejarApplication for test class com.thepicklejar.picklejar.PicklejarApplicationTests
01:43:15.908 [main] INFO org.springframework.boot.devtools.restart.RestartApplicationListener -- Restart disabled due to context in which it is running

  .   ____          _            __ _ _
 /\\ / ___'_ __ _ _(_)_ __  __ _ \ \ \ \
( ( )\___ | '_ | '_| | '_ \/ _` | \ \ \ \
 \\/  ___)| |_)| | | | | || (_| |  ) ) ) )
  '  |____| .__|_| |_|_| |_\__, | / / / /
 =========|_|==============|___/=/_/_/_/

 :: Spring Boot ::                (v3.5.6)

2025-10-08T01:43:16.045-04:00  INFO 44221 --- [picklejar] [           main] c.t.picklejar.PicklejarApplicationTests  : Starting PicklejarApplicationTests using Java 25 with PID 44221 (started by sruthivempuluru in /Users/sruthivempuluru/Projects/The-Pickle-Jar/picklejar)
2025-10-08T01:43:16.046-04:00  INFO 44221 --- [picklejar] [           main] c.t.picklejar.PicklejarApplicationTests  : No active profile set, falling back to 1 default profile: "default"
2025-10-08T01:43:16.369-04:00  INFO 44221 --- [picklejar] [           main] .s.d.r.c.RepositoryConfigurationDelegate : Bootstrapping Spring Data JPA repositories in DEFAULT mode.
2025-10-08T01:43:16.403-04:00  INFO 44221 --- [picklejar] [           main] .s.d.r.c.RepositoryConfigurationDelegate : Finished Spring Data repository scanning in 29 ms. Found 2 JPA repository interfaces.
2025-10-08T01:43:16.616-04:00  INFO 44221 --- [picklejar] [           main] o.hibernate.jpa.internal.util.LogHelper  : HHH000204: Processing PersistenceUnitInfo [name: default]
2025-10-08T01:43:16.643-04:00  INFO 44221 --- [picklejar] [           main] org.hibernate.Version                    : HHH000412: Hibernate ORM core version 6.6.29.Final
2025-10-08T01:43:16.660-04:00  INFO 44221 --- [picklejar] [           main] o.h.c.internal.RegionFactoryInitiator    : HHH000026: Second-level cache disabled
2025-10-08T01:43:16.825-04:00  INFO 44221 --- [picklejar] [           main] o.s.o.j.p.SpringPersistenceUnitInfo      : No LoadTimeWeaver setup: ignoring JPA class transformer
2025-10-08T01:43:16.841-04:00  INFO 44221 --- [picklejar] [           main] com.zaxxer.hikari.HikariDataSource       : HikariPool-1 - Starting...
2025-10-08T01:43:16.936-04:00  INFO 44221 --- [picklejar] [           main] com.zaxxer.hikari.pool.HikariPool        : HikariPool-1 - Added connection conn0: url=jdbc:h2:mem:picklejar user=SA
2025-10-08T01:43:16.937-04:00  INFO 44221 --- [picklejar] [           main] com.zaxxer.hikari.HikariDataSource       : HikariPool-1 - Start completed.
2025-10-08T01:43:16.951-04:00  WARN 44221 --- [picklejar] [           main] org.hibernate.orm.deprecation            : HHH90000025: H2Dialect does not need to be specified explicitly using 'hibernate.dialect' (remove the property setting and it will be selected by default)
2025-10-08T01:43:16.963-04:00  INFO 44221 --- [picklejar] [           main] org.hibernate.orm.connections.pooling    : HHH10001005: Database info:
	Database JDBC URL [Connecting through datasource 'HikariDataSource (HikariPool-1)']
	Database driver: undefined/unknown
	Database version: 2.3.232
	Autocommit mode: undefined/unknown
	Isolation level: undefined/unknown
	Minimum pool size: undefined/unknown
	Maximum pool size: undefined/unknown
2025-10-08T01:43:17.455-04:00  INFO 44221 --- [picklejar] [           main] o.h.e.t.j.p.i.JtaPlatformInitiator       : HHH000489: No JTA platform available (set 'hibernate.transaction.jta.platform' to enable JTA platform integration)
2025-10-08T01:43:17.496-04:00  INFO 44221 --- [picklejar] [           main] j.LocalContainerEntityManagerFactoryBean : Initialized JPA EntityManagerFactory for persistence unit 'default'
2025-10-08T01:43:17.677-04:00  WARN 44221 --- [picklejar] [           main] JpaBaseConfiguration$JpaWebConfiguration : spring.jpa.open-in-view is enabled by default. Therefore, database queries may be performed during view rendering. Explicitly configure spring.jpa.open-in-view to disable this warning
2025-10-08T01:43:17.842-04:00  INFO 44221 --- [picklejar] [           main] o.s.b.a.h2.H2ConsoleAutoConfiguration    : H2 console available at '/h2-console'. Database available at 'jdbc:h2:mem:picklejar'
2025-10-08T01:43:17.882-04:00  INFO 44221 --- [picklejar] [           main] c.t.picklejar.PicklejarApplicationTests  : Started PicklejarApplicationTests in 1.979 seconds (process running for 2.503)
]]></system-out>
    <system-err><![CDATA[Mockito is currently self-attaching to enable the inline-mock-maker. This will no longer work in future releases of the JDK. Please add Mockito as an agent to your build as described in Mockito's documentation: https://javadoc.io/doc/org.mockito/mockito-core/latest/org.mockito/org/mockito/Mockito.html#0.3
WARNING: A Java agent has been loaded dynamically (/Users/sruthivempuluru/.m2/repository/net/bytebuddy/byte-buddy-agent/1.17.7/byte-buddy-agent-1.17.7.jar)
WARNING: If a serviceability tool is in use, please run with -XX:+EnableDynamicAgentLoading to hide this warning
WARNING: If a serviceability tool is not in use, please run with -Djdk.instrument.traceUsage for more information
WARNING: Dynamic loading of agents will be disallowed by default in a future release
]]></system-err>
  </testcase>
</testsuite>